-------------------------------------------------------------------------------
Test set: TestSuite
-------------------------------------------------------------------------------
Tests run: 3, Failures: 1, Errors: 0, Skipped: 0, Time elapsed: 12.459 sec <<< FAILURE! - in TestSuite
Verify_Sign_In_Element_Exist(myFirstTask)  Time elapsed: 0.064 sec  <<< FAILURE!
java.lang.AssertionError
	at myFirstTask.Verify_Sign_In_Element_Exist(myFirstTask.java:40)

